<?xml version="1.0" encoding="UTF-8"?>
<!-- Generated by org.testng.reporters.JUnitXMLReporter -->
<testsuite ignored="0" hostname="DESKTOP-7QU5CGR" failures="0" tests="5" name="Surefire test" time="89.779" errors="0" timestamp="2024-03-21T16:41:53 IST">
  <testcase classname="integrationTestCase.ToLaunchMamaEarth_Test" name="LaunchMamaEarth" time="22.145"/>
  <testcase classname="integrationTestCase.ToLaunchMaybelin_Test" name="LaunchMaybelin" time="14.843"/>
  <testcase classname="integrationTestCase.ToLaunchPurple_Test" name="LaunchPurple" time="16.932"/>
  <testcase classname="smokeTestCase.ToLaunchAjio_Test" name="launchAjio" time="19.816"/>
  <testcase classname="smokeTestCase.ToLaunchFlipkart_Test" name="LaunchFlipkart" time="15.951"/>
</testsuite> <!-- Surefire test -->
