<?xml version="1.0" encoding="UTF-8"?>
<testng-results ignored="0" total="3" passed="3" failed="0" skipped="0">
  <reporter-output>
  </reporter-output>
  <suite started-at="2024-03-21T15:53:49 IST" name="Suite" finished-at="2024-03-21T15:54:35 IST" duration-ms="46255">
    <groups>
    </groups>
    <test started-at="2024-03-21T15:53:49 IST" name="Test" finished-at="2024-03-21T15:54:35 IST" duration-ms="46255">
      <class name="integrationTestCase.ToLaunchMamaEarth_Test">
        <test-method signature="LaunchMamaEarth()[pri:0, instance:integrationTestCase.ToLaunchMamaEarth_Test@5ace1ed4]" started-at="2024-03-21T15:53:49 IST" name="LaunchMamaEarth" finished-at="2024-03-21T15:54:13 IST" duration-ms="23424" status="PASS">
          <reporter-output>
          </reporter-output>
        </test-method> <!-- LaunchMamaEarth -->
      </class> <!-- integrationTestCase.ToLaunchMamaEarth_Test -->
      <class name="integrationTestCase.ToLaunchPurple_Test">
        <test-method signature="LaunchPurple()[pri:0, instance:integrationTestCase.ToLaunchPurple_Test@1613674b]" started-at="2024-03-21T15:54:13 IST" name="LaunchPurple" finished-at="2024-03-21T15:54:22 IST" duration-ms="9744" status="PASS">
          <reporter-output>
          </reporter-output>
        </test-method> <!-- LaunchPurple -->
      </class> <!-- integrationTestCase.ToLaunchPurple_Test -->
      <class name="integrationTestCase.ToLaunchMaybelin_Test">
        <test-method signature="LaunchMaybelin()[pri:0, instance:integrationTestCase.ToLaunchMaybelin_Test@27ff5d15]" started-at="2024-03-21T15:54:22 IST" name="LaunchMaybelin" finished-at="2024-03-21T15:54:35 IST" duration-ms="12950" status="PASS">
          <reporter-output>
          </reporter-output>
        </test-method> <!-- LaunchMaybelin -->
      </class> <!-- integrationTestCase.ToLaunchMaybelin_Test -->
    </test> <!-- Test -->
  </suite> <!-- Suite -->
</testng-results>
