<?xml version="1.0" encoding="UTF-8"?>
<!-- Generated by org.testng.reporters.JUnitXMLReporter -->
<testsuite ignored="0" hostname="DESKTOP-7QU5CGR" failures="0" tests="3" name="Test" time="46.255" errors="0" timestamp="2024-03-21T15:54:35 IST">
  <testcase classname="integrationTestCase.ToLaunchMamaEarth_Test" name="LaunchMamaEarth" time="23.424"/>
  <testcase classname="integrationTestCase.ToLaunchPurple_Test" name="LaunchPurple" time="9.744"/>
  <testcase classname="integrationTestCase.ToLaunchMaybelin_Test" name="LaunchMaybelin" time="12.95"/>
</testsuite> <!-- Test -->
